# JRE version: Java(TM) SE Runtime Environment (8.0_05-b13) (build 1.8.0_05-b13)
# Java VM: Java HotSpot(TM) 64-Bit Server VM (25.5-b02 mixed mode windows-amd64 compressed oops)
Heap:
 PSYoungGen      total 26624K, used 9710K [0x00000000eab00000, 0x00000000ecd00000, 0x0000000100000000)
  eden space 18432K, 13% used [0x00000000eab00000,0x00000000ead62d10,0x00000000ebd00000)
  from space 8192K, 88% used [0x00000000ebd00000,0x00000000ec418c68,0x00000000ec500000)
  to   space 8192K, 0% used [0x00000000ec500000,0x00000000ec500000,0x00000000ecd00000)
 ParOldGen       total 129536K, used 28384K [0x00000000c0000000, 0x00000000c7e80000, 0x00000000eab00000)
  object space 129536K, 21% used [0x00000000c0000000,0x00000000c1bb8200,0x00000000c7e80000)
 Metaspace       used 7071K, capacity 7608K, committed 7680K, reserved 1056768K
  class space    used 743K, capacity 752K, committed 768K, reserved 1048576K
GC Heap History (10 events):
Event: 0.784 GC heap before
{Heap before GC invocations=9 (full 0):
 PSYoungGen      total 9728K, used 9696K [0x00000000eab00000, 0x00000000eb800000, 0x0000000100000000)
  eden space 7680K, 100% used [0x00000000eab00000,0x00000000eb280000,0x00000000eb280000)
  from space 2048K, 98% used [0x00000000eb500000,0x00000000eb6f8018,0x00000000eb700000)
  to   space 2560K, 0% used [0x00000000eb280000,0x00000000eb280000,0x00000000eb500000)
 ParOldGen       total 129536K, used 2093K [0x00000000c0000000, 0x00000000c7e80000, 0x00000000eab00000)
  object space 129536K, 1% used [0x00000000c0000000,0x00000000c020b638,0x00000000c7e80000)
 Metaspace       used 5270K, capacity 6704K, committed 6784K, reserved 1056768K
  class space    used 546K, capacity 616K, committed 640K, reserved 1048576K
Event: 0.788 GC heap after
Heap after GC invocations=9 (full 0):
 PSYoungGen      total 10240K, used 2528K [0x00000000eab00000, 0x00000000ebe00000, 0x0000000100000000)
  eden space 7680K, 0% used [0x00000000eab00000,0x00000000eab00000,0x00000000eb280000)
  from space 2560K, 98% used [0x00000000eb280000,0x00000000eb4f8010,0x00000000eb500000)
  to   space 3584K, 0% used [0x00000000eba80000,0x00000000eba80000,0x00000000ebe00000)
 ParOldGen       total 129536K, used 3075K [0x00000000c0000000, 0x00000000c7e80000, 0x00000000eab00000)
  object space 129536K, 2% used [0x00000000c0000000,0x00000000c0300fc8,0x00000000c7e80000)
 Metaspace       used 5270K, capacity 6704K, committed 6784K, reserved 1056768K
  class space    used 546K, capacity 616K, committed 640K, reserved 1048576K
}
Event: 0.845 GC heap before
{Heap before GC invocations=10 (full 0):
 PSYoungGen      total 10240K, used 10167K [0x00000000eab00000, 0x00000000ebe00000, 0x0000000100000000)
  eden space 7680K, 99% used [0x00000000eab00000,0x00000000eb275d30,0x00000000eb280000)
  from space 2560K, 98% used [0x00000000eb280000,0x00000000eb4f8010,0x00000000eb500000)
  to   space 3584K, 0% used [0x00000000eba80000,0x00000000eba80000,0x00000000ebe00000)
 ParOldGen       total 129536K, used 3075K [0x00000000c0000000, 0x00000000c7e80000, 0x00000000eab00000)
  object space 129536K, 2% used [0x00000000c0000000,0x00000000c0300fc8,0x00000000c7e80000)
 Metaspace       used 5299K, capacity 6704K, committed 6784K, reserved 1056768K
  class space    used 547K, capacity 616K, committed 640K, reserved 1048576K
Event: 0.851 GC heap after
Heap after GC invocations=10 (full 0):
 PSYoungGen      total 14848K, used 3562K [0x00000000eab00000, 0x00000000ec000000, 0x0000000100000000)
  eden space 11264K, 0% used [0x00000000eab00000,0x00000000eab00000,0x00000000eb600000)
  from space 3584K, 99% used [0x00000000eba80000,0x00000000ebdfa9d8,0x00000000ebe00000)
  to   space 4608K, 0% used [0x00000000eb600000,0x00000000eb600000,0x00000000eba80000)
 ParOldGen       total 129536K, used 4390K [0x00000000c0000000, 0x00000000c7e80000, 0x00000000eab00000)
  object space 129536K, 3% used [0x00000000c0000000,0x00000000c04498e0,0x00000000c7e80000)
 Metaspace       used 5299K, capacity 6704K, committed 6784K, reserved 1056768K
  class space    used 547K, capacity 616K, committed 640K, reserved 1048576K
}
Event: 1.618 GC heap before
{Heap before GC invocations=11 (full 0):
 PSYoungGen      total 14848K, used 14826K [0x00000000eab00000, 0x00000000ec000000, 0x0000000100000000)
  eden space 11264K, 100% used [0x00000000eab00000,0x00000000eb600000,0x00000000eb600000)
  from space 3584K, 99% used [0x00000000eba80000,0x00000000ebdfa9d8,0x00000000ebe00000)
  to   space 4608K, 0% used [0x00000000eb600000,0x00000000eb600000,0x00000000eba80000)
 ParOldGen       total 129536K, used 4390K [0x00000000c0000000, 0x00000000c7e80000, 0x00000000eab00000)
  object space 129536K, 3% used [0x00000000c0000000,0x00000000c04498e0,0x00000000c7e80000)
 Metaspace       used 7018K, capacity 7608K, committed 7680K, reserved 1056768K
  class space    used 742K, capacity 752K, committed 768K, reserved 1048576K
Event: 1.624 GC heap after
Heap after GC invocations=11 (full 0):
 PSYoungGen      total 15872K, used 4586K [0x00000000eab00000, 0x00000000ecd00000, 0x0000000100000000)
  eden space 11264K, 0% used [0x00000000eab00000,0x00000000eab00000,0x00000000eb600000)
  from space 4608K, 99% used [0x00000000eb600000,0x00000000eba7a910,0x00000000eba80000)
  to   space 8192K, 0% used [0x00000000ec500000,0x00000000ec500000,0x00000000ecd00000)
 ParOldGen       total 129536K, used 12913K [0x00000000c0000000, 0x00000000c7e80000, 0x00000000eab00000)
  object space 129536K, 9% used [0x00000000c0000000,0x00000000c0c9c748,0x00000000c7e80000)
 Metaspace       used 7018K, capacity 7608K, committed 7680K, reserved 1056768K
  class space    used 742K, capacity 752K, committed 768K, reserved 1048576K
}
Event: 1.717 GC heap before
{Heap before GC invocations=12 (full 0):
 PSYoungGen      total 15872K, used 14873K [0x00000000eab00000, 0x00000000ecd00000, 0x0000000100000000)
  eden space 11264K, 91% used [0x00000000eab00000,0x00000000eb50bed0,0x00000000eb600000)
  from space 4608K, 99% used [0x00000000eb600000,0x00000000eba7a910,0x00000000eba80000)
  to   space 8192K, 0% used [0x00000000ec500000,0x00000000ec500000,0x00000000ecd00000)
 ParOldGen       total 129536K, used 12913K [0x00000000c0000000, 0x00000000c7e80000, 0x00000000eab00000)
  object space 129536K, 9% used [0x00000000c0000000,0x00000000c0c9c748,0x00000000c7e80000)
 Metaspace       used 7051K, capacity 7608K, committed 7680K, reserved 1056768K
  class space    used 743K, capacity 752K, committed 768K, reserved 1048576K
Event: 1.721 GC heap after
Heap after GC invocations=12 (full 0):
 PSYoungGen      total 26624K, used 2256K [0x00000000eab00000, 0x00000000ecd00000, 0x0000000100000000)
  eden space 18432K, 0% used [0x00000000eab00000,0x00000000eab00000,0x00000000ebd00000)
  from space 8192K, 27% used [0x00000000ec500000,0x00000000ec7340f0,0x00000000ecd00000)
  to   space 8192K, 0% used [0x00000000ebd00000,0x00000000ebd00000,0x00000000ec500000)
 ParOldGen       total 129536K, used 15430K [0x00000000c0000000, 0x00000000c7e80000, 0x00000000eab00000)
  object space 129536K, 11% used [0x00000000c0000000,0x00000000c0f11ac8,0x00000000c7e80000)
 Metaspace       used 7051K, capacity 7608K, committed 7680K, reserved 1056768K
  class space    used 743K, capacity 752K, committed 768K, reserved 1048576K
}
Event: 1.806 GC heap before
{Heap before GC invocations=13 (full 0):
 PSYoungGen      total 26624K, used 20688K [0x00000000eab00000, 0x00000000ecd00000, 0x0000000100000000)
  eden space 18432K, 100% used [0x00000000eab00000,0x00000000ebd00000,0x00000000ebd00000)
  from space 8192K, 27% used [0x00000000ec500000,0x00000000ec7340f0,0x00000000ecd00000)
  to   space 8192K, 0% used [0x00000000ebd00000,0x00000000ebd00000,0x00000000ec500000)
 ParOldGen       total 129536K, used 15430K [0x00000000c0000000, 0x00000000c7e80000, 0x00000000eab00000)
  object space 129536K, 11% used [0x00000000c0000000,0x00000000c0f11ac8,0x00000000c7e80000)
 Metaspace       used 7070K, capacity 7608K, committed 7680K, reserved 1056768K
  class space    used 743K, capacity 752K, committed 768K, reserved 1048576K
Event: 1.813 GC heap after
Heap after GC invocations=13 (full 0):
 PSYoungGen      total 26624K, used 7267K [0x00000000eab00000, 0x00000000ecd00000, 0x0000000100000000)
  eden space 18432K, 0% used [0x00000000eab00000,0x00000000eab00000,0x00000000ebd00000)
  from space 8192K, 88% used [0x00000000ebd00000,0x00000000ec418c68,0x00000000ec500000)
  to   space 8192K, 0% used [0x00000000ec500000,0x00000000ec500000,0x00000000ecd00000)
 ParOldGen       total 129536K, used 28384K [0x00000000c0000000, 0x00000000c7e80000, 0x00000000eab00000)
  object space 129536K, 21% used [0x00000000c0000000,0x00000000c1bb8200,0x00000000c7e80000)
 Metaspace       used 7070K, capacity 7608K, committed 7680K, reserved 1056768K
  class space    used 743K, capacity 752K, committed 768K, reserved 1048576K
}

